2022-11-08 19:35:01,629 INFO org.springframework.boot.StartupInfoLogger [restartedMain] Starting JpaProductosApiApplication using Java 11.0.15.1 on ZOOMCF with PID 4676 (D:\GithubsAcademic\MyProjectsSpringBoot\JPAProductosAPI-Sonarqube\target\classes started by flore in D:\GithubsAcademic\MyProjectsSpringBoot\JPAProductosAPI-Sonarqube)
2022-11-08 19:35:01,632 DEBUG org.springframework.boot.StartupInfoLogger [restartedMain] Running with Spring Boot v2.7.3, Spring v5.3.22
2022-11-08 19:35:01,633 INFO org.springframework.boot.SpringApplication [restartedMain] No active profile set, falling back to 1 default profile: "default"
2022-11-08 19:35:01,694 INFO org.springframework.boot.logging.DeferredLog [restartedMain] Devtools property defaults active! Set 'spring.devtools.add-properties' to 'false' to disable
2022-11-08 19:35:01,696 INFO org.springframework.boot.logging.DeferredLog [restartedMain] For additional web related logging consider setting the 'logging.level.web' property to 'DEBUG'
2022-11-08 19:35:02,890 INFO org.springframework.data.repository.config.RepositoryConfigurationDelegate [restartedMain] Bootstrapping Spring Data JPA repositories in DEFAULT mode.
2022-11-08 19:35:02,966 INFO org.springframework.data.repository.config.RepositoryConfigurationDelegate [restartedMain] Finished Spring Data repository scanning in 57 ms. Found 1 JPA repository interfaces.
2022-11-08 19:35:03,318 INFO org.springframework.context.support.PostProcessorRegistrationDelegate$BeanPostProcessorChecker [restartedMain] Bean 'org.springframework.ws.config.annotation.DelegatingWsConfiguration' of type [org.springframework.ws.config.annotation.DelegatingWsConfiguration$$EnhancerBySpringCGLIB$$1d8854b2] is not eligible for getting processed by all BeanPostProcessors (for example: not eligible for auto-proxying)
2022-11-08 19:35:03,469 INFO org.springframework.ws.soap.addressing.server.AbstractAddressingEndpointMapping [restartedMain] Supporting [WS-Addressing August 2004, WS-Addressing 1.0]
2022-11-08 19:35:04,453 INFO org.springframework.boot.web.embedded.tomcat.TomcatWebServer [restartedMain] Tomcat initialized with port(s): 8080 (http)
2022-11-08 19:35:04,476 INFO org.apache.juli.logging.DirectJDKLog [restartedMain] Initializing ProtocolHandler ["http-nio-8080"]
2022-11-08 19:35:04,477 INFO org.apache.juli.logging.DirectJDKLog [restartedMain] Starting service [Tomcat]
2022-11-08 19:35:04,477 INFO org.apache.juli.logging.DirectJDKLog [restartedMain] Starting Servlet engine: [Apache Tomcat/9.0.65]
2022-11-08 19:35:04,612 INFO org.apache.juli.logging.DirectJDKLog [restartedMain] Initializing Spring embedded WebApplicationContext
2022-11-08 19:35:04,613 INFO org.springframework.boot.web.servlet.context.ServletWebServerApplicationContext [restartedMain] Root WebApplicationContext: initialization completed in 2917 ms
2022-11-08 19:35:04,862 INFO org.hibernate.jpa.internal.util.LogHelper [restartedMain] HHH000204: Processing PersistenceUnitInfo [name: default]
2022-11-08 19:35:04,955 INFO org.hibernate.Version [restartedMain] HHH000412: Hibernate ORM core version 5.6.10.Final
2022-11-08 19:35:05,148 INFO org.hibernate.annotations.common.reflection.java.JavaReflectionManager [restartedMain] HCANN000001: Hibernate Commons Annotations {5.1.2.Final}
2022-11-08 19:35:05,293 INFO com.zaxxer.hikari.HikariDataSource [restartedMain] HikariPool-1 - Starting...
2022-11-08 19:35:05,756 INFO com.zaxxer.hikari.HikariDataSource [restartedMain] HikariPool-1 - Start completed.
2022-11-08 19:35:05,777 INFO org.hibernate.dialect.Dialect [restartedMain] HHH000400: Using dialect: org.hibernate.dialect.PostgreSQLDialect
2022-11-08 19:35:06,969 INFO org.hibernate.engine.transaction.jta.platform.internal.JtaPlatformInitiator [restartedMain] HHH000490: Using JtaPlatform implementation: [org.hibernate.engine.transaction.jta.platform.internal.NoJtaPlatform]
2022-11-08 19:35:06,976 INFO org.springframework.orm.jpa.AbstractEntityManagerFactoryBean [restartedMain] Initialized JPA EntityManagerFactory for persistence unit 'default'
2022-11-08 19:35:07,750 WARN org.springframework.boot.autoconfigure.orm.jpa.JpaBaseConfiguration$JpaWebConfiguration [restartedMain] spring.jpa.open-in-view is enabled by default. Therefore, database queries may be performed during view rendering. Explicitly configure spring.jpa.open-in-view to disable this warning
2022-11-08 19:35:08,936 INFO org.springframework.boot.devtools.autoconfigure.OptionalLiveReloadServer [restartedMain] LiveReload server is running on port 35729
2022-11-08 19:35:08,953 INFO org.apache.juli.logging.DirectJDKLog [restartedMain] Starting ProtocolHandler ["http-nio-8080"]
2022-11-08 19:35:08,990 INFO org.springframework.boot.web.embedded.tomcat.TomcatWebServer [restartedMain] Tomcat started on port(s): 8080 (http) with context path ''
2022-11-08 19:35:09,005 INFO org.springframework.boot.StartupInfoLogger [restartedMain] Started JpaProductosApiApplication in 8.176 seconds (JVM running for 9.298)
2022-11-08 19:35:13,613 INFO org.springframework.orm.jpa.AbstractEntityManagerFactoryBean [SpringApplicationShutdownHook] Closing JPA EntityManagerFactory for persistence unit 'default'
2022-11-08 19:35:13,619 INFO com.zaxxer.hikari.HikariDataSource [SpringApplicationShutdownHook] HikariPool-1 - Shutdown initiated...
2022-11-08 19:35:13,631 INFO com.zaxxer.hikari.HikariDataSource [SpringApplicationShutdownHook] HikariPool-1 - Shutdown completed.
2022-11-08 19:36:29,505 INFO org.springframework.boot.StartupInfoLogger [restartedMain] Starting JpaProductosApiApplication using Java 11.0.15.1 on ZOOMCF with PID 29992 (D:\GithubsAcademic\MyProjectsSpringBoot\JPAProductosAPI-Sonarqube\target\classes started by flore in D:\GithubsAcademic\MyProjectsSpringBoot\JPAProductosAPI-Sonarqube)
2022-11-08 19:36:29,507 DEBUG org.springframework.boot.StartupInfoLogger [restartedMain] Running with Spring Boot v2.7.3, Spring v5.3.22
2022-11-08 19:36:29,509 INFO org.springframework.boot.SpringApplication [restartedMain] No active profile set, falling back to 1 default profile: "default"
2022-11-08 19:36:29,576 INFO org.springframework.boot.logging.DeferredLog [restartedMain] Devtools property defaults active! Set 'spring.devtools.add-properties' to 'false' to disable
2022-11-08 19:36:29,577 INFO org.springframework.boot.logging.DeferredLog [restartedMain] For additional web related logging consider setting the 'logging.level.web' property to 'DEBUG'
2022-11-08 19:36:30,559 INFO org.springframework.data.repository.config.RepositoryConfigurationDelegate [restartedMain] Bootstrapping Spring Data JPA repositories in DEFAULT mode.
2022-11-08 19:36:30,619 INFO org.springframework.data.repository.config.RepositoryConfigurationDelegate [restartedMain] Finished Spring Data repository scanning in 46 ms. Found 1 JPA repository interfaces.
2022-11-08 19:36:31,028 INFO org.springframework.context.support.PostProcessorRegistrationDelegate$BeanPostProcessorChecker [restartedMain] Bean 'org.springframework.ws.config.annotation.DelegatingWsConfiguration' of type [org.springframework.ws.config.annotation.DelegatingWsConfiguration$$EnhancerBySpringCGLIB$$4bd418d6] is not eligible for getting processed by all BeanPostProcessors (for example: not eligible for auto-proxying)
2022-11-08 19:36:31,071 INFO org.springframework.ws.soap.addressing.server.AbstractAddressingEndpointMapping [restartedMain] Supporting [WS-Addressing August 2004, WS-Addressing 1.0]
2022-11-08 19:36:31,922 INFO org.springframework.boot.web.embedded.tomcat.TomcatWebServer [restartedMain] Tomcat initialized with port(s): 8080 (http)
2022-11-08 19:36:31,939 INFO org.apache.juli.logging.DirectJDKLog [restartedMain] Initializing ProtocolHandler ["http-nio-8080"]
2022-11-08 19:36:31,940 INFO org.apache.juli.logging.DirectJDKLog [restartedMain] Starting service [Tomcat]
2022-11-08 19:36:31,941 INFO org.apache.juli.logging.DirectJDKLog [restartedMain] Starting Servlet engine: [Apache Tomcat/9.0.65]
2022-11-08 19:36:32,044 INFO org.apache.juli.logging.DirectJDKLog [restartedMain] Initializing Spring embedded WebApplicationContext
2022-11-08 19:36:32,045 INFO org.springframework.boot.web.servlet.context.ServletWebServerApplicationContext [restartedMain] Root WebApplicationContext: initialization completed in 2467 ms
2022-11-08 19:36:32,370 INFO org.hibernate.jpa.internal.util.LogHelper [restartedMain] HHH000204: Processing PersistenceUnitInfo [name: default]
2022-11-08 19:36:32,452 INFO org.hibernate.Version [restartedMain] HHH000412: Hibernate ORM core version 5.6.10.Final
2022-11-08 19:36:32,677 INFO org.hibernate.annotations.common.reflection.java.JavaReflectionManager [restartedMain] HCANN000001: Hibernate Commons Annotations {5.1.2.Final}
2022-11-08 19:36:32,801 INFO com.zaxxer.hikari.HikariDataSource [restartedMain] HikariPool-1 - Starting...
2022-11-08 19:36:33,091 INFO com.zaxxer.hikari.HikariDataSource [restartedMain] HikariPool-1 - Start completed.
2022-11-08 19:36:33,119 INFO org.hibernate.dialect.Dialect [restartedMain] HHH000400: Using dialect: org.hibernate.dialect.PostgreSQLDialect
2022-11-08 19:36:33,820 INFO org.hibernate.engine.transaction.jta.platform.internal.JtaPlatformInitiator [restartedMain] HHH000490: Using JtaPlatform implementation: [org.hibernate.engine.transaction.jta.platform.internal.NoJtaPlatform]
2022-11-08 19:36:33,831 INFO org.springframework.orm.jpa.AbstractEntityManagerFactoryBean [restartedMain] Initialized JPA EntityManagerFactory for persistence unit 'default'
2022-11-08 19:36:35,062 WARN org.springframework.boot.autoconfigure.orm.jpa.JpaBaseConfiguration$JpaWebConfiguration [restartedMain] spring.jpa.open-in-view is enabled by default. Therefore, database queries may be performed during view rendering. Explicitly configure spring.jpa.open-in-view to disable this warning
2022-11-08 19:36:36,404 INFO org.springframework.boot.devtools.autoconfigure.OptionalLiveReloadServer [restartedMain] LiveReload server is running on port 35729
2022-11-08 19:36:36,422 INFO org.apache.juli.logging.DirectJDKLog [restartedMain] Starting ProtocolHandler ["http-nio-8080"]
2022-11-08 19:36:36,464 INFO org.springframework.boot.web.embedded.tomcat.TomcatWebServer [restartedMain] Tomcat started on port(s): 8080 (http) with context path ''
2022-11-08 19:36:36,481 INFO org.springframework.boot.StartupInfoLogger [restartedMain] Started JpaProductosApiApplication in 7.683 seconds (JVM running for 8.325)
2022-11-08 19:36:42,357 INFO org.springframework.orm.jpa.AbstractEntityManagerFactoryBean [SpringApplicationShutdownHook] Closing JPA EntityManagerFactory for persistence unit 'default'
2022-11-08 19:36:42,362 INFO com.zaxxer.hikari.HikariDataSource [SpringApplicationShutdownHook] HikariPool-1 - Shutdown initiated...
2022-11-08 19:36:42,371 INFO com.zaxxer.hikari.HikariDataSource [SpringApplicationShutdownHook] HikariPool-1 - Shutdown completed.
2022-11-08 19:38:44,474 INFO org.springframework.boot.StartupInfoLogger [restartedMain] Starting JpaProductosApiApplication using Java 11.0.15.1 on ZOOMCF with PID 30080 (D:\GithubsAcademic\MyProjectsSpringBoot\JPAProductosAPI-Sonarqube\target\classes started by flore in D:\GithubsAcademic\MyProjectsSpringBoot\JPAProductosAPI-Sonarqube)
2022-11-08 19:38:44,476 DEBUG org.springframework.boot.StartupInfoLogger [restartedMain] Running with Spring Boot v2.7.3, Spring v5.3.22
2022-11-08 19:38:44,478 INFO org.springframework.boot.SpringApplication [restartedMain] No active profile set, falling back to 1 default profile: "default"
2022-11-08 19:38:44,544 INFO org.springframework.boot.logging.DeferredLog [restartedMain] Devtools property defaults active! Set 'spring.devtools.add-properties' to 'false' to disable
2022-11-08 19:38:44,544 INFO org.springframework.boot.logging.DeferredLog [restartedMain] For additional web related logging consider setting the 'logging.level.web' property to 'DEBUG'
2022-11-08 19:38:45,546 INFO org.springframework.data.repository.config.RepositoryConfigurationDelegate [restartedMain] Bootstrapping Spring Data JPA repositories in DEFAULT mode.
2022-11-08 19:38:45,613 INFO org.springframework.data.repository.config.RepositoryConfigurationDelegate [restartedMain] Finished Spring Data repository scanning in 53 ms. Found 1 JPA repository interfaces.
2022-11-08 19:38:45,952 INFO org.springframework.context.support.PostProcessorRegistrationDelegate$BeanPostProcessorChecker [restartedMain] Bean 'org.springframework.ws.config.annotation.DelegatingWsConfiguration' of type [org.springframework.ws.config.annotation.DelegatingWsConfiguration$$EnhancerBySpringCGLIB$$5dc3c9fa] is not eligible for getting processed by all BeanPostProcessors (for example: not eligible for auto-proxying)
2022-11-08 19:38:45,995 INFO org.springframework.ws.soap.addressing.server.AbstractAddressingEndpointMapping [restartedMain] Supporting [WS-Addressing August 2004, WS-Addressing 1.0]
2022-11-08 19:38:46,759 INFO org.springframework.boot.web.embedded.tomcat.TomcatWebServer [restartedMain] Tomcat initialized with port(s): 8080 (http)
2022-11-08 19:38:46,776 INFO org.apache.juli.logging.DirectJDKLog [restartedMain] Initializing ProtocolHandler ["http-nio-8080"]
2022-11-08 19:38:46,777 INFO org.apache.juli.logging.DirectJDKLog [restartedMain] Starting service [Tomcat]
2022-11-08 19:38:46,777 INFO org.apache.juli.logging.DirectJDKLog [restartedMain] Starting Servlet engine: [Apache Tomcat/9.0.65]
2022-11-08 19:38:46,874 INFO org.apache.juli.logging.DirectJDKLog [restartedMain] Initializing Spring embedded WebApplicationContext
2022-11-08 19:38:46,874 INFO org.springframework.boot.web.servlet.context.ServletWebServerApplicationContext [restartedMain] Root WebApplicationContext: initialization completed in 2328 ms
2022-11-08 19:38:47,203 INFO org.hibernate.jpa.internal.util.LogHelper [restartedMain] HHH000204: Processing PersistenceUnitInfo [name: default]
2022-11-08 19:38:47,289 INFO org.hibernate.Version [restartedMain] HHH000412: Hibernate ORM core version 5.6.10.Final
2022-11-08 19:38:47,497 INFO org.hibernate.annotations.common.reflection.java.JavaReflectionManager [restartedMain] HCANN000001: Hibernate Commons Annotations {5.1.2.Final}
2022-11-08 19:38:47,606 INFO com.zaxxer.hikari.HikariDataSource [restartedMain] HikariPool-1 - Starting...
2022-11-08 19:38:47,822 INFO com.zaxxer.hikari.HikariDataSource [restartedMain] HikariPool-1 - Start completed.
2022-11-08 19:38:47,845 INFO org.hibernate.dialect.Dialect [restartedMain] HHH000400: Using dialect: org.hibernate.dialect.PostgreSQLDialect
2022-11-08 19:38:48,543 INFO org.hibernate.engine.transaction.jta.platform.internal.JtaPlatformInitiator [restartedMain] HHH000490: Using JtaPlatform implementation: [org.hibernate.engine.transaction.jta.platform.internal.NoJtaPlatform]
2022-11-08 19:38:48,555 INFO org.springframework.orm.jpa.AbstractEntityManagerFactoryBean [restartedMain] Initialized JPA EntityManagerFactory for persistence unit 'default'
2022-11-08 19:38:49,606 WARN org.springframework.boot.autoconfigure.orm.jpa.JpaBaseConfiguration$JpaWebConfiguration [restartedMain] spring.jpa.open-in-view is enabled by default. Therefore, database queries may be performed during view rendering. Explicitly configure spring.jpa.open-in-view to disable this warning
2022-11-08 19:38:51,114 INFO org.springframework.boot.devtools.autoconfigure.OptionalLiveReloadServer [restartedMain] LiveReload server is running on port 35729
2022-11-08 19:38:51,136 INFO org.apache.juli.logging.DirectJDKLog [restartedMain] Starting ProtocolHandler ["http-nio-8080"]
2022-11-08 19:38:51,187 INFO org.springframework.boot.web.embedded.tomcat.TomcatWebServer [restartedMain] Tomcat started on port(s): 8080 (http) with context path ''
2022-11-08 19:38:51,205 INFO org.springframework.boot.StartupInfoLogger [restartedMain] Started JpaProductosApiApplication in 7.464 seconds (JVM running for 8.134)
2022-11-08 19:38:54,252 INFO org.springframework.orm.jpa.AbstractEntityManagerFactoryBean [SpringApplicationShutdownHook] Closing JPA EntityManagerFactory for persistence unit 'default'
2022-11-08 19:38:54,257 INFO com.zaxxer.hikari.HikariDataSource [SpringApplicationShutdownHook] HikariPool-1 - Shutdown initiated...
2022-11-08 19:38:54,266 INFO com.zaxxer.hikari.HikariDataSource [SpringApplicationShutdownHook] HikariPool-1 - Shutdown completed.
2022-11-08 19:57:21,630 INFO org.springframework.boot.StartupInfoLogger [main] Starting JpaProductosApiApplicationTests using Java 11.0.15.1 on ZOOMCF with PID 24372 (started by flore in D:\GithubsAcademic\MyProjectsSpringBoot\JPAProductosAPI-Sonarqube)
2022-11-08 19:57:21,632 DEBUG org.springframework.boot.StartupInfoLogger [main] Running with Spring Boot v2.7.3, Spring v5.3.22
2022-11-08 19:57:21,633 INFO org.springframework.boot.SpringApplication [main] No active profile set, falling back to 1 default profile: "default"
2022-11-08 19:57:22,500 INFO org.springframework.data.repository.config.RepositoryConfigurationDelegate [main] Bootstrapping Spring Data JPA repositories in DEFAULT mode.
2022-11-08 19:57:22,549 INFO org.springframework.data.repository.config.RepositoryConfigurationDelegate [main] Finished Spring Data repository scanning in 37 ms. Found 1 JPA repository interfaces.
2022-11-08 19:57:23,391 INFO org.springframework.context.support.PostProcessorRegistrationDelegate$BeanPostProcessorChecker [main] Bean 'org.springframework.ws.config.annotation.DelegatingWsConfiguration' of type [org.springframework.ws.config.annotation.DelegatingWsConfiguration$$EnhancerBySpringCGLIB$$5746ac82] is not eligible for getting processed by all BeanPostProcessors (for example: not eligible for auto-proxying)
2022-11-08 19:57:23,448 INFO org.springframework.ws.soap.addressing.server.AbstractAddressingEndpointMapping [main] Supporting [WS-Addressing August 2004, WS-Addressing 1.0]
2022-11-08 19:57:23,942 INFO org.hibernate.jpa.internal.util.LogHelper [main] HHH000204: Processing PersistenceUnitInfo [name: default]
2022-11-08 19:57:24,028 INFO org.hibernate.Version [main] HHH000412: Hibernate ORM core version 5.6.10.Final
2022-11-08 19:57:24,096 INFO org.hibernate.annotations.common.reflection.java.JavaReflectionManager [main] HCANN000001: Hibernate Commons Annotations {5.1.2.Final}
2022-11-08 19:57:24,532 INFO com.zaxxer.hikari.HikariDataSource [main] HikariPool-1 - Starting...
2022-11-08 19:57:24,776 INFO com.zaxxer.hikari.HikariDataSource [main] HikariPool-1 - Start completed.
2022-11-08 19:57:24,798 INFO org.hibernate.dialect.Dialect [main] HHH000400: Using dialect: org.hibernate.dialect.PostgreSQLDialect
2022-11-08 19:57:25,358 INFO org.hibernate.engine.transaction.jta.platform.internal.JtaPlatformInitiator [main] HHH000490: Using JtaPlatform implementation: [org.hibernate.engine.transaction.jta.platform.internal.NoJtaPlatform]
2022-11-08 19:57:25,369 INFO org.springframework.orm.jpa.AbstractEntityManagerFactoryBean [main] Initialized JPA EntityManagerFactory for persistence unit 'default'
2022-11-08 19:57:25,919 WARN org.springframework.boot.autoconfigure.orm.jpa.JpaBaseConfiguration$JpaWebConfiguration [main] spring.jpa.open-in-view is enabled by default. Therefore, database queries may be performed during view rendering. Explicitly configure spring.jpa.open-in-view to disable this warning
2022-11-08 19:57:27,766 INFO org.springframework.boot.StartupInfoLogger [main] Started JpaProductosApiApplicationTests in 6.588 seconds (JVM running for 7.764)
2022-11-08 19:57:28,028 INFO org.springframework.orm.jpa.AbstractEntityManagerFactoryBean [SpringApplicationShutdownHook] Closing JPA EntityManagerFactory for persistence unit 'default'
2022-11-08 19:57:28,034 INFO com.zaxxer.hikari.HikariDataSource [SpringApplicationShutdownHook] HikariPool-1 - Shutdown initiated...
2022-11-08 19:57:28,049 INFO com.zaxxer.hikari.HikariDataSource [SpringApplicationShutdownHook] HikariPool-1 - Shutdown completed.
2022-11-08 20:33:26,981 INFO org.springframework.boot.StartupInfoLogger [main] Starting JpaProductosApiApplicationTests using Java 11.0.15.1 on ZOOMCF with PID 1892 (started by flore in D:\GithubsAcademic\MyProjectsSpringBoot\JPAProductosAPI-Sonarqube)
2022-11-08 20:33:26,983 DEBUG org.springframework.boot.StartupInfoLogger [main] Running with Spring Boot v2.7.3, Spring v5.3.22
2022-11-08 20:33:26,984 INFO org.springframework.boot.SpringApplication [main] No active profile set, falling back to 1 default profile: "default"
2022-11-08 20:33:27,894 INFO org.springframework.data.repository.config.RepositoryConfigurationDelegate [main] Bootstrapping Spring Data JPA repositories in DEFAULT mode.
2022-11-08 20:33:27,942 INFO org.springframework.data.repository.config.RepositoryConfigurationDelegate [main] Finished Spring Data repository scanning in 39 ms. Found 1 JPA repository interfaces.
2022-11-08 20:33:28,777 INFO org.springframework.context.support.PostProcessorRegistrationDelegate$BeanPostProcessorChecker [main] Bean 'org.springframework.ws.config.annotation.DelegatingWsConfiguration' of type [org.springframework.ws.config.annotation.DelegatingWsConfiguration$$EnhancerBySpringCGLIB$$67b4fcdd] is not eligible for getting processed by all BeanPostProcessors (for example: not eligible for auto-proxying)
2022-11-08 20:33:28,826 INFO org.springframework.ws.soap.addressing.server.AbstractAddressingEndpointMapping [main] Supporting [WS-Addressing August 2004, WS-Addressing 1.0]
2022-11-08 20:33:29,211 INFO org.hibernate.jpa.internal.util.LogHelper [main] HHH000204: Processing PersistenceUnitInfo [name: default]
2022-11-08 20:33:29,292 INFO org.hibernate.Version [main] HHH000412: Hibernate ORM core version 5.6.10.Final
2022-11-08 20:33:29,356 INFO org.hibernate.annotations.common.reflection.java.JavaReflectionManager [main] HCANN000001: Hibernate Commons Annotations {5.1.2.Final}
2022-11-08 20:33:29,829 INFO com.zaxxer.hikari.HikariDataSource [main] HikariPool-1 - Starting...
2022-11-08 20:33:30,109 INFO com.zaxxer.hikari.HikariDataSource [main] HikariPool-1 - Start completed.
2022-11-08 20:33:30,128 INFO org.hibernate.dialect.Dialect [main] HHH000400: Using dialect: org.hibernate.dialect.PostgreSQLDialect
2022-11-08 20:33:30,659 INFO org.hibernate.engine.transaction.jta.platform.internal.JtaPlatformInitiator [main] HHH000490: Using JtaPlatform implementation: [org.hibernate.engine.transaction.jta.platform.internal.NoJtaPlatform]
2022-11-08 20:33:30,670 INFO org.springframework.orm.jpa.AbstractEntityManagerFactoryBean [main] Initialized JPA EntityManagerFactory for persistence unit 'default'
2022-11-08 20:33:31,324 WARN org.springframework.boot.autoconfigure.orm.jpa.JpaBaseConfiguration$JpaWebConfiguration [main] spring.jpa.open-in-view is enabled by default. Therefore, database queries may be performed during view rendering. Explicitly configure spring.jpa.open-in-view to disable this warning
2022-11-08 20:33:33,402 INFO org.springframework.boot.StartupInfoLogger [main] Started JpaProductosApiApplicationTests in 6.869 seconds (JVM running for 8.028)
2022-11-08 20:33:33,640 INFO org.springframework.orm.jpa.AbstractEntityManagerFactoryBean [SpringApplicationShutdownHook] Closing JPA EntityManagerFactory for persistence unit 'default'
2022-11-08 20:33:33,646 INFO com.zaxxer.hikari.HikariDataSource [SpringApplicationShutdownHook] HikariPool-1 - Shutdown initiated...
2022-11-08 20:33:33,657 INFO com.zaxxer.hikari.HikariDataSource [SpringApplicationShutdownHook] HikariPool-1 - Shutdown completed.
2022-11-08 20:37:26,753 INFO org.springframework.boot.StartupInfoLogger [main] Starting JpaProductosApiApplicationTests using Java 11.0.15.1 on ZOOMCF with PID 2240 (started by flore in D:\GithubsAcademic\MyProjectsSpringBoot\JPAProductosAPI-Sonarqube)
2022-11-08 20:37:26,755 DEBUG org.springframework.boot.StartupInfoLogger [main] Running with Spring Boot v2.7.3, Spring v5.3.22
2022-11-08 20:37:26,756 INFO org.springframework.boot.SpringApplication [main] No active profile set, falling back to 1 default profile: "default"
2022-11-08 20:37:27,589 INFO org.springframework.data.repository.config.RepositoryConfigurationDelegate [main] Bootstrapping Spring Data JPA repositories in DEFAULT mode.
2022-11-08 20:37:27,634 INFO org.springframework.data.repository.config.RepositoryConfigurationDelegate [main] Finished Spring Data repository scanning in 36 ms. Found 1 JPA repository interfaces.
2022-11-08 20:37:28,423 INFO org.springframework.context.support.PostProcessorRegistrationDelegate$BeanPostProcessorChecker [main] Bean 'org.springframework.ws.config.annotation.DelegatingWsConfiguration' of type [org.springframework.ws.config.annotation.DelegatingWsConfiguration$$EnhancerBySpringCGLIB$$4fb94cf2] is not eligible for getting processed by all BeanPostProcessors (for example: not eligible for auto-proxying)
2022-11-08 20:37:28,479 INFO org.springframework.ws.soap.addressing.server.AbstractAddressingEndpointMapping [main] Supporting [WS-Addressing August 2004, WS-Addressing 1.0]
2022-11-08 20:37:29,021 INFO org.hibernate.jpa.internal.util.LogHelper [main] HHH000204: Processing PersistenceUnitInfo [name: default]
2022-11-08 20:37:29,146 INFO org.hibernate.Version [main] HHH000412: Hibernate ORM core version 5.6.10.Final
2022-11-08 20:37:29,236 INFO org.hibernate.annotations.common.reflection.java.JavaReflectionManager [main] HCANN000001: Hibernate Commons Annotations {5.1.2.Final}
2022-11-08 20:37:29,645 INFO com.zaxxer.hikari.HikariDataSource [main] HikariPool-1 - Starting...
2022-11-08 20:37:29,860 INFO com.zaxxer.hikari.HikariDataSource [main] HikariPool-1 - Start completed.
2022-11-08 20:37:29,881 INFO org.hibernate.dialect.Dialect [main] HHH000400: Using dialect: org.hibernate.dialect.PostgreSQLDialect
2022-11-08 20:37:30,454 INFO org.hibernate.engine.transaction.jta.platform.internal.JtaPlatformInitiator [main] HHH000490: Using JtaPlatform implementation: [org.hibernate.engine.transaction.jta.platform.internal.NoJtaPlatform]
2022-11-08 20:37:30,464 INFO org.springframework.orm.jpa.AbstractEntityManagerFactoryBean [main] Initialized JPA EntityManagerFactory for persistence unit 'default'
2022-11-08 20:37:30,991 WARN org.springframework.boot.autoconfigure.orm.jpa.JpaBaseConfiguration$JpaWebConfiguration [main] spring.jpa.open-in-view is enabled by default. Therefore, database queries may be performed during view rendering. Explicitly configure spring.jpa.open-in-view to disable this warning
2022-11-08 20:37:32,775 INFO org.springframework.boot.StartupInfoLogger [main] Started JpaProductosApiApplicationTests in 6.553 seconds (JVM running for 7.795)
2022-11-08 20:37:32,997 INFO org.springframework.orm.jpa.AbstractEntityManagerFactoryBean [SpringApplicationShutdownHook] Closing JPA EntityManagerFactory for persistence unit 'default'
2022-11-08 20:37:33,003 INFO com.zaxxer.hikari.HikariDataSource [SpringApplicationShutdownHook] HikariPool-1 - Shutdown initiated...
2022-11-08 20:37:33,015 INFO com.zaxxer.hikari.HikariDataSource [SpringApplicationShutdownHook] HikariPool-1 - Shutdown completed.
2022-11-08 20:40:31,084 INFO org.springframework.boot.StartupInfoLogger [main] Starting JpaProductosApiApplicationTests using Java 11.0.15.1 on ZOOMCF with PID 24300 (started by flore in D:\GithubsAcademic\MyProjectsSpringBoot\JPAProductosAPI-Sonarqube)
2022-11-08 20:40:31,087 DEBUG org.springframework.boot.StartupInfoLogger [main] Running with Spring Boot v2.7.3, Spring v5.3.22
2022-11-08 20:40:31,088 INFO org.springframework.boot.SpringApplication [main] No active profile set, falling back to 1 default profile: "default"
2022-11-08 20:40:32,155 INFO org.springframework.data.repository.config.RepositoryConfigurationDelegate [main] Bootstrapping Spring Data JPA repositories in DEFAULT mode.
2022-11-08 20:40:32,213 INFO org.springframework.data.repository.config.RepositoryConfigurationDelegate [main] Finished Spring Data repository scanning in 47 ms. Found 1 JPA repository interfaces.
2022-11-08 20:40:33,308 INFO org.springframework.context.support.PostProcessorRegistrationDelegate$BeanPostProcessorChecker [main] Bean 'org.springframework.ws.config.annotation.DelegatingWsConfiguration' of type [org.springframework.ws.config.annotation.DelegatingWsConfiguration$$EnhancerBySpringCGLIB$$aeba5f60] is not eligible for getting processed by all BeanPostProcessors (for example: not eligible for auto-proxying)
2022-11-08 20:40:33,378 INFO org.springframework.ws.soap.addressing.server.AbstractAddressingEndpointMapping [main] Supporting [WS-Addressing August 2004, WS-Addressing 1.0]
2022-11-08 20:40:34,164 INFO org.hibernate.jpa.internal.util.LogHelper [main] HHH000204: Processing PersistenceUnitInfo [name: default]
2022-11-08 20:40:34,428 INFO org.hibernate.Version [main] HHH000412: Hibernate ORM core version 5.6.10.Final
2022-11-08 20:40:34,579 INFO org.hibernate.annotations.common.reflection.java.JavaReflectionManager [main] HCANN000001: Hibernate Commons Annotations {5.1.2.Final}
2022-11-08 20:40:35,192 INFO com.zaxxer.hikari.HikariDataSource [main] HikariPool-1 - Starting...
2022-11-08 20:40:35,586 INFO com.zaxxer.hikari.HikariDataSource [main] HikariPool-1 - Start completed.
2022-11-08 20:40:35,618 INFO org.hibernate.dialect.Dialect [main] HHH000400: Using dialect: org.hibernate.dialect.PostgreSQLDialect
2022-11-08 20:40:36,586 INFO org.hibernate.engine.transaction.jta.platform.internal.JtaPlatformInitiator [main] HHH000490: Using JtaPlatform implementation: [org.hibernate.engine.transaction.jta.platform.internal.NoJtaPlatform]
2022-11-08 20:40:36,604 INFO org.springframework.orm.jpa.AbstractEntityManagerFactoryBean [main] Initialized JPA EntityManagerFactory for persistence unit 'default'
2022-11-08 20:40:37,302 WARN org.springframework.boot.autoconfigure.orm.jpa.JpaBaseConfiguration$JpaWebConfiguration [main] spring.jpa.open-in-view is enabled by default. Therefore, database queries may be performed during view rendering. Explicitly configure spring.jpa.open-in-view to disable this warning
2022-11-08 20:40:39,577 INFO org.springframework.boot.StartupInfoLogger [main] Started JpaProductosApiApplicationTests in 9.128 seconds (JVM running for 10.588)
2022-11-08 20:40:39,790 INFO org.springframework.orm.jpa.AbstractEntityManagerFactoryBean [SpringApplicationShutdownHook] Closing JPA EntityManagerFactory for persistence unit 'default'
2022-11-08 20:40:39,797 INFO com.zaxxer.hikari.HikariDataSource [SpringApplicationShutdownHook] HikariPool-1 - Shutdown initiated...
2022-11-08 20:40:39,807 INFO com.zaxxer.hikari.HikariDataSource [SpringApplicationShutdownHook] HikariPool-1 - Shutdown completed.
